<?xml version="1.0" encoding="UTF-8"?>
<robot generator="Robot 7.4.1 (Python 3.14.2 on win32)" generated="2026-02-04T00:17:22.955234" rpa="false" schemaversion="5">
<suite id="s1" name="Investor" source="C:\dev\leandroluk\investor">
<suite id="s1-s1" name="Apps" source="C:\dev\leandroluk\investor\apps">
<suite id="s1-s1-s1" name="E2E" source="C:\dev\leandroluk\investor\apps\e2e">
<suite id="s1-s1-s1-s1" name="Tests" source="C:\dev\leandroluk\investor\apps\e2e\tests">
<suite id="s1-s1-s1-s1-s1" name="02 Auth" source="C:\dev\leandroluk\investor\apps\e2e\tests\02_auth">
<suite id="s1-s1-s1-s1-s1-s1" name="01 Check-Email" source="C:\dev\leandroluk\investor\apps\e2e\tests\02_auth\01_check-email.robot">
<kw name="Setup Test Suite" type="SETUP">
<kw name="Create Session" owner="RequestsLibrary">
<msg time="2026-02-04T00:17:23.161521" level="INFO">Creating Session using : alias=api_session, url=http://localhost:20000/, headers={},                     cookies={}, auth=None, timeout=None, proxies=None, verify=True,                     debug=0 </msg>
<arg>api_session</arg>
<arg>${API_URL}</arg>
<arg>verify=True</arg>
<doc>Create Session: create a HTTP session to a server</doc>
<status status="PASS" start="2026-02-04T00:17:23.161010" elapsed="0.000878"/>
</kw>
<kw name="Connect To Postgres" owner="util">
<variable name="${p}">
<msg time="2026-02-04T00:17:23.164102" level="INFO">${p} = ParseResult(scheme='postgres', netloc='username:password@localhost:25432', path='/investor', params='', query='sslmode=disable', fragment='')</msg>
<var>${{__import__('urllib.parse').parse.urlparse($API_DATABASE_POSTGRES_URL)}}</var>
<status status="PASS" start="2026-02-04T00:17:23.162576" elapsed="0.001980"/>
</variable>
<kw name="Connect To Database" owner="DatabaseLibrary">
<msg time="2026-02-04T00:17:23.169368" level="INFO">Looking for configuration file: 'resources\db.cfg'</msg>
<msg time="2026-02-04T00:17:23.169811" level="INFO">Configuration file doesn't exist</msg>
<msg time="2026-02-04T00:17:23.178657" level="INFO">Connect to DB using : psycopg2.connect(database='investor', user='username', password=***, host='localhost', port=25432)</msg>
<arg>db_module=psycopg2</arg>
<arg>db_name=${{$p.path[1:]}}</arg>
<arg>db_user=${{$p.username}}</arg>
<arg>db_password=${{$p.password}}</arg>
<arg>db_host=${{$p.hostname}}</arg>
<arg>db_port=${{$p.port}}</arg>
<doc>Creates a database connection using the DB API 2.0 ``db_module`` and the parameters provided.
Along with listed commonly used arguments (`db_name`, `db_host` etc.)
you can set any other DB module specific parameters as key/value pairs.</doc>
<status status="PASS" start="2026-02-04T00:17:23.165073" elapsed="0.036184"/>
</kw>
<doc>Centralizes the database connection by parsing the URL</doc>
<status status="PASS" start="2026-02-04T00:17:23.162218" elapsed="0.039621"/>
</kw>
<kw name="Execute Postgres" owner="util">
<kw name="Execute Sql String" owner="DatabaseLibrary">
<msg time="2026-02-04T00:17:23.203288" level="INFO" html="true">Executing sql:&lt;br&gt;&lt;code style="font-weight: bold;"&gt;TRUNCATE TABLE "user" CASCADE;&lt;/code&gt;</msg>
<msg time="2026-02-04T00:17:23.286124" level="INFO">Commit the transaction</msg>
<arg>${query}</arg>
<doc>Executes the ``sql_string`` - as a single SQL command (default) or as separate statements.</doc>
<status status="PASS" start="2026-02-04T00:17:23.202888" elapsed="0.092985"/>
</kw>
<arg>TRUNCATE TABLE "user" CASCADE;</arg>
<doc>Executes a query and returns the result</doc>
<status status="PASS" start="2026-02-04T00:17:23.202315" elapsed="0.093819"/>
</kw>
<kw name="Delete All Emails From Mailbox" owner="util">
<try>
<branch type="TRY">
<kw name="Connect To Mailbox" owner="util">
<kw name="Open Mailbox" owner="ImapLibrary2">
<arg>host=${API_MAILER_IMAP_HOST}</arg>
<arg>port=${API_MAILER_IMAP_PORT}</arg>
<arg>user=${API_MAILER_IMAP_USERNAME}</arg>
<arg>password=${API_MAILER_IMAP_PASSWORD}</arg>
<doc>Open IMAP email client session to given ``host`` with given ``user`` and ``password``.</doc>
<status status="PASS" start="2026-02-04T00:17:23.297519" elapsed="2.576533"/>
</kw>
<doc>Centralizes the mailbox opening</doc>
<status status="PASS" start="2026-02-04T00:17:23.297255" elapsed="2.576967"/>
</kw>
<kw name="Run Keyword And Return Status" owner="BuiltIn">
<kw name="Delete All Emails" owner="ImapLibrary2">
<doc>Delete all emails.</doc>
<status status="PASS" start="2026-02-04T00:17:25.874891" elapsed="2.792428"/>
</kw>
<arg>Delete All Emails</arg>
<doc>Runs the specified keyword and returns the status as a Boolean value.</doc>
<status status="PASS" start="2026-02-04T00:17:25.874359" elapsed="2.793183"/>
</kw>
<status status="PASS" start="2026-02-04T00:17:23.297012" elapsed="5.370653"/>
</branch>
<branch type="FINALLY">
<kw name="Run Keyword And Ignore Error" owner="BuiltIn">
<kw name="Close Mailbox" owner="ImapLibrary2">
<doc>Close IMAP email client session.</doc>
<status status="PASS" start="2026-02-04T00:17:28.668658" elapsed="0.238030"/>
</kw>
<arg>Close Mailbox</arg>
<doc>Runs the given keyword with the given arguments and ignores possible error.</doc>
<status status="PASS" start="2026-02-04T00:17:28.668092" elapsed="0.238826"/>
</kw>
<status status="PASS" start="2026-02-04T00:17:28.667807" elapsed="0.239202"/>
</branch>
<status status="PASS" start="2026-02-04T00:17:23.296938" elapsed="5.610169"/>
</try>
<doc>Cleans the inbox to avoid state interference</doc>
<status status="PASS" start="2026-02-04T00:17:23.296574" elapsed="5.610589"/>
</kw>
<doc>Initializes API session and cleans IMAP inbox</doc>
<status status="PASS" start="2026-02-04T00:17:23.160059" elapsed="5.747181"/>
</kw>
<test id="s1-s1-s1-s1-s1-s1-t1" name="Should Throw When Email In Use" line="14">
<kw name="Register New Account">
<kw name="Generate Random String" owner="String">
<msg time="2026-02-04T00:17:28.912403" level="INFO">${random_str} = rjlvixdgko</msg>
<var>${random_str}</var>
<arg>10</arg>
<arg>[LOWER]</arg>
<doc>Generates a string with a desired ``length`` from the given ``chars``.</doc>
<status status="PASS" start="2026-02-04T00:17:28.911923" elapsed="0.000708"/>
</kw>
<variable name="${random_email}">
<msg time="2026-02-04T00:17:28.913325" level="INFO">${random_email} = test_rjlvixdgko@email.com</msg>
<var>test_${random_str}@email.com</var>
<status status="PASS" start="2026-02-04T00:17:28.912958" elapsed="0.000638"/>
</variable>
<variable name="&amp;{payload}">
<msg time="2026-02-04T00:17:28.914078" level="INFO">&amp;{payload} = { email=test_rjlvixdgko@email.com | password=Test@123 | name=User rjlvixdgko }</msg>
<var>email=${random_email}</var>
<var>password=Test@123</var>
<var>name=User ${random_str}</var>
<status status="PASS" start="2026-02-04T00:17:28.913704" elapsed="0.000521"/>
</variable>
<kw name="POST On Session" owner="RequestsLibrary">
<msg time="2026-02-04T00:17:30.981913" level="INFO">POST Request : url=http://localhost:20000/auth/register 
 path_url=/auth/register 
 headers={'User-Agent': 'python-requests/2.32.5', 'Accept-Encoding': 'gzip, deflate, zstd', 'Accept': '*/*', 'Connection': 'keep-alive', 'Content-Length': '89', 'Content-Type': 'application/json'} 
 body=b'{"email": "test_rjlvixdgko@email.com", "password": "Test@123", "name": "User rjlvixdgko"}' 
 </msg>
<msg time="2026-02-04T00:17:30.982290" level="INFO">POST Response : url=http://localhost:20000/auth/register 
 status=201, reason=Created 
 headers={'Cross-Origin-Opener-Policy': 'same-origin', 'Cross-Origin-Resource-Policy': 'same-origin', 'Origin-Agent-Cluster': '?1', 'Referrer-Policy': 'no-referrer', 'Strict-Transport-Security': 'max-age=31536000; includeSubDomains', 'X-Content-Type-Options': 'nosniff', 'X-DNS-Prefetch-Control': 'off', 'X-Download-Options': 'noopen', 'X-Frame-Options': 'SAMEORIGIN', 'X-Permitted-Cross-Domain-Policies': 'none', 'X-XSS-Protection': '0', 'vary': 'Origin', 'x-request-id': '019c26a7-b4cb-72c9-8600-5a2b9a905b3c', 'content-length': '0', 'Date': 'Wed, 04 Feb 2026 03:17:30 GMT', 'Connection': 'keep-alive', 'Keep-Alive': 'timeout=72'} 
 body=None 
 </msg>
<arg>api_session</arg>
<arg>auth/register</arg>
<arg>json=&amp;{payload}</arg>
<arg>expected_status=201</arg>
<doc>Sends a POST request on a previously created HTTP Session.</doc>
<status status="PASS" start="2026-02-04T00:17:28.914535" elapsed="2.067968"/>
</kw>
<return>
<value>${random_email}</value>
<status status="PASS" start="2026-02-04T00:17:30.982644" elapsed="0.000214"/>
</return>
<msg time="2026-02-04T00:17:30.983055" level="INFO">${test_email} = test_rjlvixdgko@email.com</msg>
<var>${test_email}</var>
<doc>Registers user and returns random email</doc>
<status status="PASS" start="2026-02-04T00:17:28.911451" elapsed="2.071721"/>
</kw>
<kw name="Do Check">
<variable name="${full_path}">
<msg time="2026-02-04T00:17:30.984072" level="INFO">${full_path} = auth/check/email/test_rjlvixdgko@email.com</msg>
<var>${CHECK_PATH}/${email}</var>
<status status="PASS" start="2026-02-04T00:17:30.983837" elapsed="0.000398"/>
</variable>
<kw name="GET On Session" owner="RequestsLibrary">
<msg time="2026-02-04T00:17:31.015536" level="INFO">GET Request : url=http://localhost:20000/auth/check/email/test_rjlvixdgko@email.com 
 path_url=/auth/check/email/test_rjlvixdgko@email.com 
 headers={'User-Agent': 'python-requests/2.32.5', 'Accept-Encoding': 'gzip, deflate, zstd', 'Accept': '*/*', 'Connection': 'keep-alive'} 
 body=None 
 </msg>
<msg time="2026-02-04T00:17:31.015898" level="INFO">GET Response : url=http://localhost:20000/auth/check/email/test_rjlvixdgko@email.com 
 status=409, reason=Conflict 
 headers={'Cross-Origin-Opener-Policy': 'same-origin', 'Cross-Origin-Resource-Policy': 'same-origin', 'Origin-Agent-Cluster': '?1', 'Referrer-Policy': 'no-referrer', 'Strict-Transport-Security': 'max-age=31536000; includeSubDomains', 'X-Content-Type-Options': 'nosniff', 'X-DNS-Prefetch-Control': 'off', 'X-Download-Options': 'noopen', 'X-Frame-Options': 'SAMEORIGIN', 'X-Permitted-Cross-Domain-Policies': 'none', 'X-XSS-Protection': '0', 'vary': 'Origin', 'content-type': 'application/json; charset=utf-8', 'x-request-id': '019c26a7-b4ea-71ea-8702-602d05a8adf3', 'content-length': '203', 'Date': 'Wed, 04 Feb 2026 03:17:31 GMT', 'Connection': 'keep-alive', 'Keep-Alive': 'timeout=72'} 
 body={"correlationId":"019c26a7-b4ea-71ea-8702-602d05a8adf3","code":"user.email_in_use","message":"The provided email \"test_rjlvixdgko@email.com\" is already in use.","occurredAt":"2026-02-04T03:17:31.013Z"} 
 </msg>
<arg>api_session</arg>
<arg>${full_path}</arg>
<arg>expected_status=${expected_status}</arg>
<doc>Sends a GET request on a previously created HTTP Session.</doc>
<status status="PASS" start="2026-02-04T00:17:30.984395" elapsed="0.031701"/>
</kw>
<arg>${test_email}</arg>
<arg>409</arg>
<doc>Checks if email is in use</doc>
<status status="PASS" start="2026-02-04T00:17:30.983536" elapsed="0.032706"/>
</kw>
<doc>Complete registration and login flow</doc>
<tag>auth</tag>
<tag>registration_flow</tag>
<status status="PASS" start="2026-02-04T00:17:28.907331" elapsed="2.109228"/>
</test>
<test id="s1-s1-s1-s1-s1-s1-t2" name="Should Return When Email Not In Use" line="20">
<kw name="Generate Random String" owner="String">
<msg time="2026-02-04T00:17:31.022431" level="INFO">${random_str} = xdiyukanhc</msg>
<var>${random_str}</var>
<arg>10</arg>
<arg>[LOWER]</arg>
<doc>Generates a string with a desired ``length`` from the given ``chars``.</doc>
<status status="PASS" start="2026-02-04T00:17:31.022163" elapsed="0.000389"/>
</kw>
<variable name="${random_email}">
<msg time="2026-02-04T00:17:31.022903" level="INFO">${random_email} = test_xdiyukanhc@email.com</msg>
<var>test_${random_str}@email.com</var>
<status status="PASS" start="2026-02-04T00:17:31.022753" elapsed="0.000367"/>
</variable>
<kw name="Do Check">
<variable name="${full_path}">
<msg time="2026-02-04T00:17:31.023773" level="INFO">${full_path} = auth/check/email/test_xdiyukanhc@email.com</msg>
<var>${CHECK_PATH}/${email}</var>
<status status="PASS" start="2026-02-04T00:17:31.023650" elapsed="0.000274"/>
</variable>
<kw name="GET On Session" owner="RequestsLibrary">
<msg time="2026-02-04T00:17:31.028937" level="INFO">GET Request : url=http://localhost:20000/auth/check/email/test_xdiyukanhc@email.com 
 path_url=/auth/check/email/test_xdiyukanhc@email.com 
 headers={'User-Agent': 'python-requests/2.32.5', 'Accept-Encoding': 'gzip, deflate, zstd', 'Accept': '*/*', 'Connection': 'keep-alive'} 
 body=None 
 </msg>
<msg time="2026-02-04T00:17:31.029343" level="INFO">GET Response : url=http://localhost:20000/auth/check/email/test_xdiyukanhc@email.com 
 status=204, reason=No Content 
 headers={'Cross-Origin-Opener-Policy': 'same-origin', 'Cross-Origin-Resource-Policy': 'same-origin', 'Origin-Agent-Cluster': '?1', 'Referrer-Policy': 'no-referrer', 'Strict-Transport-Security': 'max-age=31536000; includeSubDomains', 'X-Content-Type-Options': 'nosniff', 'X-DNS-Prefetch-Control': 'off', 'X-Download-Options': 'noopen', 'X-Frame-Options': 'SAMEORIGIN', 'X-Permitted-Cross-Domain-Policies': 'none', 'X-XSS-Protection': '0', 'vary': 'Origin', 'x-request-id': '019c26a7-b511-774f-8a35-d4b2884be013', 'Date': 'Wed, 04 Feb 2026 03:17:31 GMT', 'Connection': 'keep-alive', 'Keep-Alive': 'timeout=72'} 
 body=None 
 </msg>
<arg>api_session</arg>
<arg>${full_path}</arg>
<arg>expected_status=${expected_status}</arg>
<doc>Sends a GET request on a previously created HTTP Session.</doc>
<status status="PASS" start="2026-02-04T00:17:31.024031" elapsed="0.005968"/>
</kw>
<arg>${random_email}</arg>
<arg>204</arg>
<doc>Checks if email is in use</doc>
<status status="PASS" start="2026-02-04T00:17:31.023391" elapsed="0.006895"/>
</kw>
<doc>Complete registration and login flow</doc>
<tag>auth</tag>
<tag>registration_flow</tag>
<status status="PASS" start="2026-02-04T00:17:31.019939" elapsed="0.011061"/>
</test>
<kw name="Teardown Test Suite" type="TEARDOWN">
<kw name="Delete All Sessions" owner="RequestsLibrary">
<msg time="2026-02-04T00:17:31.039124" level="INFO">Deleting All Sessions</msg>
<doc>Removes all the session objects</doc>
<status status="PASS" start="2026-02-04T00:17:31.038982" elapsed="0.000321"/>
</kw>
<kw name="Disconnect From Postgres" owner="util">
<kw name="Disconnect From Database" owner="DatabaseLibrary">
<doc>Disconnects from the database.</doc>
<status status="PASS" start="2026-02-04T00:17:31.039764" elapsed="0.000331"/>
</kw>
<doc>Centralizes the database disconnection</doc>
<status status="PASS" start="2026-02-04T00:17:31.039453" elapsed="0.000774"/>
</kw>
<doc>Closes all sessions</doc>
<status status="PASS" start="2026-02-04T00:17:31.038680" elapsed="0.001646"/>
</kw>
<doc>Account registration suite using shared resources</doc>
<status status="PASS" start="2026-02-04T00:17:23.012508" elapsed="8.027859"/>
</suite>
<status status="PASS" start="2026-02-04T00:17:23.008652" elapsed="8.034477"/>
</suite>
<status status="PASS" start="2026-02-04T00:17:23.003560" elapsed="8.041933"/>
</suite>
<status status="PASS" start="2026-02-04T00:17:22.995845" elapsed="8.055590"/>
</suite>
<status status="PASS" start="2026-02-04T00:17:22.988455" elapsed="8.065201"/>
</suite>
<status status="PASS" start="2026-02-04T00:17:22.960589" elapsed="8.095538"/>
</suite>
<statistics>
<total>
<stat pass="2" fail="0" skip="0">All Tests</stat>
</total>
<tag>
<stat pass="2" fail="0" skip="0">auth</stat>
<stat pass="2" fail="0" skip="0">registration_flow</stat>
</tag>
<suite>
<stat name="Investor" id="s1" pass="2" fail="0" skip="0">Investor</stat>
<stat name="Apps" id="s1-s1" pass="2" fail="0" skip="0">Investor.Apps</stat>
<stat name="E2E" id="s1-s1-s1" pass="2" fail="0" skip="0">Investor.Apps.E2E</stat>
<stat name="Tests" id="s1-s1-s1-s1" pass="2" fail="0" skip="0">Investor.Apps.E2E.Tests</stat>
<stat name="02 Auth" id="s1-s1-s1-s1-s1" pass="2" fail="0" skip="0">Investor.Apps.E2E.Tests.02 Auth</stat>
<stat name="01 Check-Email" id="s1-s1-s1-s1-s1-s1" pass="2" fail="0" skip="0">Investor.Apps.E2E.Tests.02 Auth.01 Check-Email</stat>
</suite>
</statistics>
<errors>
</errors>
</robot>
